2023-03-09 14:50:58,837 INFO z.t.StartWebApplication [main] Starting StartWebApplication on DESKTOP-E86N4JO with PID 24376 (C:\Users\EFFIGO\Desktop\Azure\example\2_1_spring-mvc-example-war\target\classes started by EFFIGO in C:\Users\EFFIGO\Desktop\Azure\example\2_1_spring-mvc-example-war)
2023-03-09 14:50:58,845 DEBUG z.t.StartWebApplication [main] Running with Spring Boot v2.3.3.RELEASE, Spring v5.2.8.RELEASE
2023-03-09 14:50:58,846 INFO z.t.StartWebApplication [main] No active profile set, falling back to default profiles: default
2023-03-09 14:51:00,424 INFO z.t.StartWebApplication [main] Started StartWebApplication in 1.884 seconds (JVM running for 2.995)
2023-03-09 14:53:25,934 INFO z.t.StartWebApplication [main] Starting StartWebApplication on DESKTOP-E86N4JO with PID 26360 (C:\Users\EFFIGO\Desktop\Azure\example\2_1_spring-mvc-example-war\target\classes started by EFFIGO in C:\Users\EFFIGO\Desktop\Azure\example\2_1_spring-mvc-example-war)
2023-03-09 14:53:25,947 DEBUG z.t.StartWebApplication [main] Running with Spring Boot v2.3.3.RELEASE, Spring v5.2.8.RELEASE
2023-03-09 14:53:25,948 INFO z.t.StartWebApplication [main] No active profile set, falling back to default profiles: default
2023-03-09 14:53:27,345 INFO z.t.StartWebApplication [main] Started StartWebApplication in 1.702 seconds (JVM running for 2.593)
2023-03-09 14:55:29,486 INFO z.t.SpringMvcExampleWarApplicationTests [main] Starting SpringMvcExampleWarApplicationTests on DESKTOP-E86N4JO with PID 24420 (started by EFFIGO in C:\Users\EFFIGO\Desktop\Azure\example\2_1_spring-mvc-example-war)
2023-03-09 14:55:29,500 DEBUG z.t.SpringMvcExampleWarApplicationTests [main] Running with Spring Boot v2.3.3.RELEASE, Spring v5.2.8.RELEASE
2023-03-09 14:55:29,502 INFO z.t.SpringMvcExampleWarApplicationTests [main] No active profile set, falling back to default profiles: default
2023-03-09 14:55:30,793 INFO z.t.SpringMvcExampleWarApplicationTests [main] Started SpringMvcExampleWarApplicationTests in 1.595 seconds (JVM running for 2.929)
2023-03-09 14:55:59,829 INFO z.t.StartWebApplication [main] Starting StartWebApplication on DESKTOP-E86N4JO with PID 7052 (C:\Users\EFFIGO\Desktop\Azure\example\2_1_spring-mvc-example-war\target\classes started by EFFIGO in C:\Users\EFFIGO\Desktop\Azure\example\2_1_spring-mvc-example-war)
2023-03-09 14:55:59,840 DEBUG z.t.StartWebApplication [main] Running with Spring Boot v2.3.3.RELEASE, Spring v5.2.8.RELEASE
2023-03-09 14:55:59,841 INFO z.t.StartWebApplication [main] No active profile set, falling back to default profiles: default
2023-03-09 14:56:01,208 INFO z.t.StartWebApplication [main] Started StartWebApplication in 1.671 seconds (JVM running for 2.547)
2023-03-09 14:56:30,010 INFO z.t.StartWebApplication [main] Starting StartWebApplication on DESKTOP-E86N4JO with PID 15300 (C:\Users\EFFIGO\Desktop\Azure\example\2_1_spring-mvc-example-war\target\classes started by EFFIGO in C:\Users\EFFIGO\Desktop\Azure\example\2_1_spring-mvc-example-war)
2023-03-09 14:56:30,022 DEBUG z.t.StartWebApplication [main] Running with Spring Boot v2.3.3.RELEASE, Spring v5.2.8.RELEASE
2023-03-09 14:56:30,023 INFO z.t.StartWebApplication [main] No active profile set, falling back to default profiles: default
2023-03-09 14:56:31,431 INFO z.t.StartWebApplication [main] Started StartWebApplication in 1.748 seconds (JVM running for 2.593)
2023-03-09 14:56:59,836 INFO z.t.StartWebApplication [main] Starting StartWebApplication on DESKTOP-E86N4JO with PID 25532 (C:\Users\EFFIGO\Desktop\Azure\example\2_1_spring-mvc-example-war\target\classes started by EFFIGO in C:\Users\EFFIGO\Desktop\Azure\example\2_1_spring-mvc-example-war)
2023-03-09 14:56:59,850 DEBUG z.t.StartWebApplication [main] Running with Spring Boot v2.3.3.RELEASE, Spring v5.2.8.RELEASE
2023-03-09 14:56:59,851 INFO z.t.StartWebApplication [main] No active profile set, falling back to default profiles: default
2023-03-09 14:57:01,719 INFO z.t.StartWebApplication [main] Started StartWebApplication in 2.262 seconds (JVM running for 3.692)
2023-03-09 15:18:57,128 INFO z.t.StartWebApplication [main] Starting StartWebApplication on DESKTOP-E86N4JO with PID 11988 (C:\Users\EFFIGO\Desktop\Azure\example\2_1_spring-mvc-example-war\target\classes started by EFFIGO in C:\Users\EFFIGO\Desktop\Azure\example\2_1_spring-mvc-example-war)
2023-03-09 15:18:57,139 DEBUG z.t.StartWebApplication [main] Running with Spring Boot v2.3.3.RELEASE, Spring v5.2.8.RELEASE
2023-03-09 15:18:57,140 INFO z.t.StartWebApplication [main] No active profile set, falling back to default profiles: default
2023-03-09 15:18:58,603 INFO z.t.StartWebApplication [main] Started StartWebApplication in 1.764 seconds (JVM running for 2.826)
2023-03-09 15:36:44,952 INFO z.t.SpringMvcExampleWarApplicationTests [main] Starting SpringMvcExampleWarApplicationTests on DESKTOP-E86N4JO with PID 13188 (started by EFFIGO in C:\Users\EFFIGO\Desktop\Azure\example\2_1_spring-mvc-example-war)
2023-03-09 15:36:44,964 DEBUG z.t.SpringMvcExampleWarApplicationTests [main] Running with Spring Boot v2.3.3.RELEASE, Spring v5.2.8.RELEASE
2023-03-09 15:36:44,965 INFO z.t.SpringMvcExampleWarApplicationTests [main] No active profile set, falling back to default profiles: default
2023-03-09 15:36:46,348 INFO z.t.SpringMvcExampleWarApplicationTests [main] Started SpringMvcExampleWarApplicationTests in 1.688 seconds (JVM running for 2.984)
2023-03-09 15:36:58,206 INFO z.t.StartWebApplication [main] Starting StartWebApplication on DESKTOP-E86N4JO with PID 4828 (C:\Users\EFFIGO\Desktop\Azure\example\2_1_spring-mvc-example-war\target\classes started by EFFIGO in C:\Users\EFFIGO\Desktop\Azure\example\2_1_spring-mvc-example-war)
2023-03-09 15:36:58,212 DEBUG z.t.StartWebApplication [main] Running with Spring Boot v2.3.3.RELEASE, Spring v5.2.8.RELEASE
2023-03-09 15:36:58,213 INFO z.t.StartWebApplication [main] No active profile set, falling back to default profiles: default
2023-03-09 15:36:59,646 INFO z.t.StartWebApplication [main] Started StartWebApplication in 1.724 seconds (JVM running for 2.614)
2023-03-09 17:05:56,155 INFO z.t.StartWebApplication [main] Starting StartWebApplication on DESKTOP-E86N4JO with PID 25684 (C:\Users\EFFIGO\Desktop\Azure\example\2_1_spring-mvc-example-war\target\classes started by EFFIGO in C:\Users\EFFIGO\Desktop\Azure\example\2_1_spring-mvc-example-war)
2023-03-09 17:05:56,164 DEBUG z.t.StartWebApplication [main] Running with Spring Boot v2.3.3.RELEASE, Spring v5.2.8.RELEASE
2023-03-09 17:05:56,165 INFO z.t.StartWebApplication [main] No active profile set, falling back to default profiles: default
2023-03-09 17:05:57,631 INFO z.t.StartWebApplication [main] Started StartWebApplication in 1.761 seconds (JVM running for 2.696)
2023-03-09 17:06:57,168 INFO z.t.StartWebApplication [main] Starting StartWebApplication on DESKTOP-E86N4JO with PID 22460 (C:\Users\EFFIGO\Desktop\Azure\example\2_1_spring-mvc-example-war\target\classes started by EFFIGO in C:\Users\EFFIGO\Desktop\Azure\example\2_1_spring-mvc-example-war)
2023-03-09 17:06:57,176 DEBUG z.t.StartWebApplication [main] Running with Spring Boot v2.3.3.RELEASE, Spring v5.2.8.RELEASE
2023-03-09 17:06:57,177 INFO z.t.StartWebApplication [main] No active profile set, falling back to default profiles: default
2023-03-09 17:06:58,563 INFO z.t.StartWebApplication [main] Started StartWebApplication in 1.682 seconds (JVM running for 2.586)
2023-03-09 17:11:23,272 INFO z.t.SpringMvcExampleWarApplicationTests [main] Starting SpringMvcExampleWarApplicationTests on DESKTOP-E86N4JO with PID 25380 (started by EFFIGO in C:\Users\EFFIGO\Desktop\Azure\example\2_1_spring-mvc-example-war)
2023-03-09 17:11:23,282 DEBUG z.t.SpringMvcExampleWarApplicationTests [main] Running with Spring Boot v2.3.3.RELEASE, Spring v5.2.8.RELEASE
2023-03-09 17:11:23,283 INFO z.t.SpringMvcExampleWarApplicationTests [main] No active profile set, falling back to default profiles: default
2023-03-09 17:11:23,464 ERROR o.s.t.c.TestContextManager [main] Caught exception while allowing TestExecutionListener [org.springframework.test.context.web.ServletTestExecutionListener@5e2a3040] to prepare test instance [zama.training.SpringMvcExampleWarApplicationTests@6d025d1d]
java.lang.IllegalStateException: Failed to load ApplicationContext
	at org.springframework.test.context.cache.DefaultCacheAwareContextLoaderDelegate.loadContext(DefaultCacheAwareContextLoaderDelegate.java:132) ~[spring-test-5.2.8.RELEASE.jar:5.2.8.RELEASE]
	at org.springframework.test.context.support.DefaultTestContext.getApplicationContext(DefaultTestContext.java:123) ~[spring-test-5.2.8.RELEASE.jar:5.2.8.RELEASE]
	at org.springframework.test.context.web.ServletTestExecutionListener.setUpRequestContextIfNecessary(ServletTestExecutionListener.java:190) ~[spring-test-5.2.8.RELEASE.jar:5.2.8.RELEASE]
	at org.springframework.test.context.web.ServletTestExecutionListener.prepareTestInstance(ServletTestExecutionListener.java:132) ~[spring-test-5.2.8.RELEASE.jar:5.2.8.RELEASE]
	at org.springframework.test.context.TestContextManager.prepareTestInstance(TestContextManager.java:244) ~[spring-test-5.2.8.RELEASE.jar:5.2.8.RELEASE]
	at org.springframework.test.context.junit.jupiter.SpringExtension.postProcessTestInstance(SpringExtension.java:98) ~[spring-test-5.2.8.RELEASE.jar:5.2.8.RELEASE]
	at org.junit.jupiter.engine.descriptor.ClassBasedTestDescriptor.lambda$invokeTestInstancePostProcessors$5(ClassBasedTestDescriptor.java:341) ~[junit-jupiter-engine-5.6.2.jar:5.6.2]
	at org.junit.jupiter.engine.descriptor.ClassBasedTestDescriptor.executeAndMaskThrowable(ClassBasedTestDescriptor.java:346) ~[junit-jupiter-engine-5.6.2.jar:5.6.2]
	at org.junit.jupiter.engine.descriptor.ClassBasedTestDescriptor.lambda$invokeTestInstancePostProcessors$6(ClassBasedTestDescriptor.java:341) ~[junit-jupiter-engine-5.6.2.jar:5.6.2]
	at java.util.stream.ReferencePipeline$3$1.accept(ReferencePipeline.java:195) ~[?:?]
	at java.util.stream.ReferencePipeline$2$1.accept(ReferencePipeline.java:177) ~[?:?]
	at java.util.ArrayList$ArrayListSpliterator.forEachRemaining(ArrayList.java:1654) ~[?:?]
	at java.util.stream.AbstractPipeline.copyInto(AbstractPipeline.java:484) ~[?:?]
	at java.util.stream.AbstractPipeline.wrapAndCopyInto(AbstractPipeline.java:474) ~[?:?]
	at java.util.stream.StreamSpliterators$WrappingSpliterator.forEachRemaining(StreamSpliterators.java:312) ~[?:?]
	at java.util.stream.Streams$ConcatSpliterator.forEachRemaining(Streams.java:735) ~[?:?]
	at java.util.stream.Streams$ConcatSpliterator.forEachRemaining(Streams.java:734) ~[?:?]
	at java.util.stream.ReferencePipeline$Head.forEach(ReferencePipeline.java:658) ~[?:?]
	at org.junit.jupiter.engine.descriptor.ClassBasedTestDescriptor.invokeTestInstancePostProcessors(ClassBasedTestDescriptor.java:340) ~[junit-jupiter-engine-5.6.2.jar:5.6.2]
	at org.junit.jupiter.engine.descriptor.ClassBasedTestDescriptor.instantiateAndPostProcessTestInstance(ClassBasedTestDescriptor.java:263) ~[junit-jupiter-engine-5.6.2.jar:5.6.2]
	at org.junit.jupiter.engine.descriptor.ClassBasedTestDescriptor.lambda$testInstancesProvider$2(ClassBasedTestDescriptor.java:256) ~[junit-jupiter-engine-5.6.2.jar:5.6.2]
	at java.util.Optional.orElseGet(Optional.java:369) ~[?:?]
	at org.junit.jupiter.engine.descriptor.ClassBasedTestDescriptor.lambda$testInstancesProvider$3(ClassBasedTestDescriptor.java:255) ~[junit-jupiter-engine-5.6.2.jar:5.6.2]
	at org.junit.jupiter.engine.execution.TestInstancesProvider.getTestInstances(TestInstancesProvider.java:29) ~[junit-jupiter-engine-5.6.2.jar:5.6.2]
	at org.junit.jupiter.engine.descriptor.TestMethodTestDescriptor.lambda$prepare$0(TestMethodTestDescriptor.java:108) ~[junit-jupiter-engine-5.6.2.jar:5.6.2]
	at org.junit.platform.engine.support.hierarchical.ThrowableCollector.execute(ThrowableCollector.java:73) ~[junit-platform-engine-1.6.2.jar:1.6.2]
	at org.junit.jupiter.engine.descriptor.TestMethodTestDescriptor.prepare(TestMethodTestDescriptor.java:107) ~[junit-jupiter-engine-5.6.2.jar:5.6.2]
	at org.junit.jupiter.engine.descriptor.TestMethodTestDescriptor.prepare(TestMethodTestDescriptor.java:71) ~[junit-jupiter-engine-5.6.2.jar:5.6.2]
	at org.junit.platform.engine.support.hierarchical.NodeTestTask.lambda$prepare$1(NodeTestTask.java:107) ~[junit-platform-engine-1.6.2.jar:1.6.2]
	at org.junit.platform.engine.support.hierarchical.ThrowableCollector.execute(ThrowableCollector.java:73) ~[junit-platform-engine-1.6.2.jar:1.6.2]
	at org.junit.platform.engine.support.hierarchical.NodeTestTask.prepare(NodeTestTask.java:107) ~[junit-platform-engine-1.6.2.jar:1.6.2]
	at org.junit.platform.engine.support.hierarchical.NodeTestTask.execute(NodeTestTask.java:75) ~[junit-platform-engine-1.6.2.jar:1.6.2]
	at java.util.ArrayList.forEach(ArrayList.java:1540) ~[?:?]
	at org.junit.platform.engine.support.hierarchical.SameThreadHierarchicalTestExecutorService.invokeAll(SameThreadHierarchicalTestExecutorService.java:38) ~[junit-platform-engine-1.6.2.jar:1.6.2]
	at org.junit.platform.engine.support.hierarchical.NodeTestTask.lambda$executeRecursively$5(NodeTestTask.java:139) ~[junit-platform-engine-1.6.2.jar:1.6.2]
	at org.junit.platform.engine.support.hierarchical.ThrowableCollector.execute(ThrowableCollector.java:73) ~[junit-platform-engine-1.6.2.jar:1.6.2]
	at org.junit.platform.engine.support.hierarchical.NodeTestTask.lambda$executeRecursively$7(NodeTestTask.java:125) ~[junit-platform-engine-1.6.2.jar:1.6.2]
	at org.junit.platform.engine.support.hierarchical.Node.around(Node.java:135) ~[junit-platform-engine-1.6.2.jar:1.6.2]
	at org.junit.platform.engine.support.hierarchical.NodeTestTask.lambda$executeRecursively$8(NodeTestTask.java:123) ~[junit-platform-engine-1.6.2.jar:1.6.2]
	at org.junit.platform.engine.support.hierarchical.ThrowableCollector.execute(ThrowableCollector.java:73) ~[junit-platform-engine-1.6.2.jar:1.6.2]
	at org.junit.platform.engine.support.hierarchical.NodeTestTask.executeRecursively(NodeTestTask.java:122) ~[junit-platform-engine-1.6.2.jar:1.6.2]
	at org.junit.platform.engine.support.hierarchical.NodeTestTask.execute(NodeTestTask.java:80) ~[junit-platform-engine-1.6.2.jar:1.6.2]
	at java.util.ArrayList.forEach(ArrayList.java:1540) ~[?:?]
	at org.junit.platform.engine.support.hierarchical.SameThreadHierarchicalTestExecutorService.invokeAll(SameThreadHierarchicalTestExecutorService.java:38) ~[junit-platform-engine-1.6.2.jar:1.6.2]
	at org.junit.platform.engine.support.hierarchical.NodeTestTask.lambda$executeRecursively$5(NodeTestTask.java:139) ~[junit-platform-engine-1.6.2.jar:1.6.2]
	at org.junit.platform.engine.support.hierarchical.ThrowableCollector.execute(ThrowableCollector.java:73) ~[junit-platform-engine-1.6.2.jar:1.6.2]
	at org.junit.platform.engine.support.hierarchical.NodeTestTask.lambda$executeRecursively$7(NodeTestTask.java:125) ~[junit-platform-engine-1.6.2.jar:1.6.2]
	at org.junit.platform.engine.support.hierarchical.Node.around(Node.java:135) ~[junit-platform-engine-1.6.2.jar:1.6.2]
	at org.junit.platform.engine.support.hierarchical.NodeTestTask.lambda$executeRecursively$8(NodeTestTask.java:123) ~[junit-platform-engine-1.6.2.jar:1.6.2]
	at org.junit.platform.engine.support.hierarchical.ThrowableCollector.execute(ThrowableCollector.java:73) ~[junit-platform-engine-1.6.2.jar:1.6.2]
	at org.junit.platform.engine.support.hierarchical.NodeTestTask.executeRecursively(NodeTestTask.java:122) ~[junit-platform-engine-1.6.2.jar:1.6.2]
	at org.junit.platform.engine.support.hierarchical.NodeTestTask.execute(NodeTestTask.java:80) ~[junit-platform-engine-1.6.2.jar:1.6.2]
	at org.junit.platform.engine.support.hierarchical.SameThreadHierarchicalTestExecutorService.submit(SameThreadHierarchicalTestExecutorService.java:32) ~[junit-platform-engine-1.6.2.jar:1.6.2]
	at org.junit.platform.engine.support.hierarchical.HierarchicalTestExecutor.execute(HierarchicalTestExecutor.java:57) ~[junit-platform-engine-1.6.2.jar:1.6.2]
	at org.junit.platform.engine.support.hierarchical.HierarchicalTestEngine.execute(HierarchicalTestEngine.java:51) ~[junit-platform-engine-1.6.2.jar:1.6.2]
	at org.junit.platform.launcher.core.DefaultLauncher.execute(DefaultLauncher.java:220) ~[junit-platform-launcher-1.3.1.jar:1.3.1]
	at org.junit.platform.launcher.core.DefaultLauncher.lambda$execute$6(DefaultLauncher.java:188) ~[junit-platform-launcher-1.3.1.jar:1.3.1]
	at org.junit.platform.launcher.core.DefaultLauncher.withInterceptedStreams(DefaultLauncher.java:202) [junit-platform-launcher-1.3.1.jar:1.3.1]
	at org.junit.platform.launcher.core.DefaultLauncher.execute(DefaultLauncher.java:181) [junit-platform-launcher-1.3.1.jar:1.3.1]
	at org.junit.platform.launcher.core.DefaultLauncher.execute(DefaultLauncher.java:128) [junit-platform-launcher-1.3.1.jar:1.3.1]
	at org.apache.maven.surefire.junitplatform.JUnitPlatformProvider.invokeAllTests(JUnitPlatformProvider.java:150) [surefire-junit-platform-2.22.2.jar:2.22.2]
	at org.apache.maven.surefire.junitplatform.JUnitPlatformProvider.invoke(JUnitPlatformProvider.java:124) [surefire-junit-platform-2.22.2.jar:2.22.2]
	at org.apache.maven.surefire.booter.ForkedBooter.invokeProviderInSameClassLoader(ForkedBooter.java:384) [surefire-booter-2.22.2.jar:2.22.2]
	at org.apache.maven.surefire.booter.ForkedBooter.runSuitesInProcess(ForkedBooter.java:345) [surefire-booter-2.22.2.jar:2.22.2]
	at org.apache.maven.surefire.booter.ForkedBooter.execute(ForkedBooter.java:126) [surefire-booter-2.22.2.jar:2.22.2]
	at org.apache.maven.surefire.booter.ForkedBooter.main(ForkedBooter.java:418) [surefire-booter-2.22.2.jar:2.22.2]
Caused by: org.springframework.beans.factory.BeanDefinitionStoreException: Failed to parse configuration class [zama.training.StartWebApplication]; nested exception is java.io.FileNotFoundException: class path resource [buildNumber.properties] cannot be opened because it does not exist
	at org.springframework.context.annotation.ConfigurationClassParser.parse(ConfigurationClassParser.java:188) ~[spring-context-5.2.8.RELEASE.jar:5.2.8.RELEASE]
	at org.springframework.context.annotation.ConfigurationClassPostProcessor.processConfigBeanDefinitions(ConfigurationClassPostProcessor.java:319) ~[spring-context-5.2.8.RELEASE.jar:5.2.8.RELEASE]
	at org.springframework.context.annotation.ConfigurationClassPostProcessor.postProcessBeanDefinitionRegistry(ConfigurationClassPostProcessor.java:236) ~[spring-context-5.2.8.RELEASE.jar:5.2.8.RELEASE]
	at org.springframework.context.support.PostProcessorRegistrationDelegate.invokeBeanDefinitionRegistryPostProcessors(PostProcessorRegistrationDelegate.java:280) ~[spring-context-5.2.8.RELEASE.jar:5.2.8.RELEASE]
	at org.springframework.context.support.PostProcessorRegistrationDelegate.invokeBeanFactoryPostProcessors(PostProcessorRegistrationDelegate.java:96) ~[spring-context-5.2.8.RELEASE.jar:5.2.8.RELEASE]
	at org.springframework.context.support.AbstractApplicationContext.invokeBeanFactoryPostProcessors(AbstractApplicationContext.java:707) ~[spring-context-5.2.8.RELEASE.jar:5.2.8.RELEASE]
	at org.springframework.context.support.AbstractApplicationContext.refresh(AbstractApplicationContext.java:533) ~[spring-context-5.2.8.RELEASE.jar:5.2.8.RELEASE]
	at org.springframework.boot.SpringApplication.refresh(SpringApplication.java:758) ~[spring-boot-2.3.3.RELEASE.jar:2.3.3.RELEASE]
	at org.springframework.boot.SpringApplication.refresh(SpringApplication.java:750) ~[spring-boot-2.3.3.RELEASE.jar:2.3.3.RELEASE]
	at org.springframework.boot.SpringApplication.refreshContext(SpringApplication.java:397) ~[spring-boot-2.3.3.RELEASE.jar:2.3.3.RELEASE]
	at org.springframework.boot.SpringApplication.run(SpringApplication.java:315) ~[spring-boot-2.3.3.RELEASE.jar:2.3.3.RELEASE]
	at org.springframework.boot.test.context.SpringBootContextLoader.loadContext(SpringBootContextLoader.java:120) ~[spring-boot-test-2.3.3.RELEASE.jar:2.3.3.RELEASE]
	at org.springframework.test.context.cache.DefaultCacheAwareContextLoaderDelegate.loadContextInternal(DefaultCacheAwareContextLoaderDelegate.java:99) ~[spring-test-5.2.8.RELEASE.jar:5.2.8.RELEASE]
	at org.springframework.test.context.cache.DefaultCacheAwareContextLoaderDelegate.loadContext(DefaultCacheAwareContextLoaderDelegate.java:124) ~[spring-test-5.2.8.RELEASE.jar:5.2.8.RELEASE]
	... 65 more
Caused by: java.io.FileNotFoundException: class path resource [buildNumber.properties] cannot be opened because it does not exist
	at org.springframework.core.io.ClassPathResource.getInputStream(ClassPathResource.java:180) ~[spring-core-5.2.8.RELEASE.jar:5.2.8.RELEASE]
	at org.springframework.core.io.support.EncodedResource.getInputStream(EncodedResource.java:159) ~[spring-core-5.2.8.RELEASE.jar:5.2.8.RELEASE]
	at org.springframework.core.io.support.PropertiesLoaderUtils.fillProperties(PropertiesLoaderUtils.java:99) ~[spring-core-5.2.8.RELEASE.jar:5.2.8.RELEASE]
	at org.springframework.core.io.support.PropertiesLoaderUtils.fillProperties(PropertiesLoaderUtils.java:73) ~[spring-core-5.2.8.RELEASE.jar:5.2.8.RELEASE]
	at org.springframework.core.io.support.PropertiesLoaderUtils.loadProperties(PropertiesLoaderUtils.java:59) ~[spring-core-5.2.8.RELEASE.jar:5.2.8.RELEASE]
	at org.springframework.core.io.support.ResourcePropertySource.<init>(ResourcePropertySource.java:67) ~[spring-core-5.2.8.RELEASE.jar:5.2.8.RELEASE]
	at org.springframework.core.io.support.DefaultPropertySourceFactory.createPropertySource(DefaultPropertySourceFactory.java:37) ~[spring-core-5.2.8.RELEASE.jar:5.2.8.RELEASE]
	at org.springframework.context.annotation.ConfigurationClassParser.processPropertySource(ConfigurationClassParser.java:462) ~[spring-context-5.2.8.RELEASE.jar:5.2.8.RELEASE]
	at org.springframework.context.annotation.ConfigurationClassParser.doProcessConfigurationClass(ConfigurationClassParser.java:279) ~[spring-context-5.2.8.RELEASE.jar:5.2.8.RELEASE]
	at org.springframework.context.annotation.ConfigurationClassParser.processConfigurationClass(ConfigurationClassParser.java:249) ~[spring-context-5.2.8.RELEASE.jar:5.2.8.RELEASE]
	at org.springframework.context.annotation.ConfigurationClassParser.parse(ConfigurationClassParser.java:198) ~[spring-context-5.2.8.RELEASE.jar:5.2.8.RELEASE]
	at org.springframework.context.annotation.ConfigurationClassParser.doProcessConfigurationClass(ConfigurationClassParser.java:303) ~[spring-context-5.2.8.RELEASE.jar:5.2.8.RELEASE]
	at org.springframework.context.annotation.ConfigurationClassParser.processConfigurationClass(ConfigurationClassParser.java:249) ~[spring-context-5.2.8.RELEASE.jar:5.2.8.RELEASE]
	at org.springframework.context.annotation.ConfigurationClassParser.parse(ConfigurationClassParser.java:206) ~[spring-context-5.2.8.RELEASE.jar:5.2.8.RELEASE]
	at org.springframework.context.annotation.ConfigurationClassParser.parse(ConfigurationClassParser.java:174) ~[spring-context-5.2.8.RELEASE.jar:5.2.8.RELEASE]
	at org.springframework.context.annotation.ConfigurationClassPostProcessor.processConfigBeanDefinitions(ConfigurationClassPostProcessor.java:319) ~[spring-context-5.2.8.RELEASE.jar:5.2.8.RELEASE]
	at org.springframework.context.annotation.ConfigurationClassPostProcessor.postProcessBeanDefinitionRegistry(ConfigurationClassPostProcessor.java:236) ~[spring-context-5.2.8.RELEASE.jar:5.2.8.RELEASE]
	at org.springframework.context.support.PostProcessorRegistrationDelegate.invokeBeanDefinitionRegistryPostProcessors(PostProcessorRegistrationDelegate.java:280) ~[spring-context-5.2.8.RELEASE.jar:5.2.8.RELEASE]
	at org.springframework.context.support.PostProcessorRegistrationDelegate.invokeBeanFactoryPostProcessors(PostProcessorRegistrationDelegate.java:96) ~[spring-context-5.2.8.RELEASE.jar:5.2.8.RELEASE]
	at org.springframework.context.support.AbstractApplicationContext.invokeBeanFactoryPostProcessors(AbstractApplicationContext.java:707) ~[spring-context-5.2.8.RELEASE.jar:5.2.8.RELEASE]
	at org.springframework.context.support.AbstractApplicationContext.refresh(AbstractApplicationContext.java:533) ~[spring-context-5.2.8.RELEASE.jar:5.2.8.RELEASE]
	at org.springframework.boot.SpringApplication.refresh(SpringApplication.java:758) ~[spring-boot-2.3.3.RELEASE.jar:2.3.3.RELEASE]
	at org.springframework.boot.SpringApplication.refresh(SpringApplication.java:750) ~[spring-boot-2.3.3.RELEASE.jar:2.3.3.RELEASE]
	at org.springframework.boot.SpringApplication.refreshContext(SpringApplication.java:397) ~[spring-boot-2.3.3.RELEASE.jar:2.3.3.RELEASE]
	at org.springframework.boot.SpringApplication.run(SpringApplication.java:315) ~[spring-boot-2.3.3.RELEASE.jar:2.3.3.RELEASE]
	at org.springframework.boot.test.context.SpringBootContextLoader.loadContext(SpringBootContextLoader.java:120) ~[spring-boot-test-2.3.3.RELEASE.jar:2.3.3.RELEASE]
	at org.springframework.test.context.cache.DefaultCacheAwareContextLoaderDelegate.loadContextInternal(DefaultCacheAwareContextLoaderDelegate.java:99) ~[spring-test-5.2.8.RELEASE.jar:5.2.8.RELEASE]
	at org.springframework.test.context.cache.DefaultCacheAwareContextLoaderDelegate.loadContext(DefaultCacheAwareContextLoaderDelegate.java:124) ~[spring-test-5.2.8.RELEASE.jar:5.2.8.RELEASE]
	... 65 more
2023-03-09 17:17:09,543 INFO z.t.SpringMvcExampleWarApplicationTests [main] Starting SpringMvcExampleWarApplicationTests on DESKTOP-E86N4JO with PID 23912 (started by EFFIGO in C:\Users\EFFIGO\Desktop\Azure\example\2_1_spring-mvc-example-war)
2023-03-09 17:17:09,556 DEBUG z.t.SpringMvcExampleWarApplicationTests [main] Running with Spring Boot v2.3.3.RELEASE, Spring v5.2.8.RELEASE
2023-03-09 17:17:09,557 INFO z.t.SpringMvcExampleWarApplicationTests [main] No active profile set, falling back to default profiles: default
2023-03-09 17:17:09,718 ERROR o.s.t.c.TestContextManager [main] Caught exception while allowing TestExecutionListener [org.springframework.test.context.web.ServletTestExecutionListener@5e2a3040] to prepare test instance [zama.training.SpringMvcExampleWarApplicationTests@6d025d1d]
java.lang.IllegalStateException: Failed to load ApplicationContext
	at org.springframework.test.context.cache.DefaultCacheAwareContextLoaderDelegate.loadContext(DefaultCacheAwareContextLoaderDelegate.java:132) ~[spring-test-5.2.8.RELEASE.jar:5.2.8.RELEASE]
	at org.springframework.test.context.support.DefaultTestContext.getApplicationContext(DefaultTestContext.java:123) ~[spring-test-5.2.8.RELEASE.jar:5.2.8.RELEASE]
	at org.springframework.test.context.web.ServletTestExecutionListener.setUpRequestContextIfNecessary(ServletTestExecutionListener.java:190) ~[spring-test-5.2.8.RELEASE.jar:5.2.8.RELEASE]
	at org.springframework.test.context.web.ServletTestExecutionListener.prepareTestInstance(ServletTestExecutionListener.java:132) ~[spring-test-5.2.8.RELEASE.jar:5.2.8.RELEASE]
	at org.springframework.test.context.TestContextManager.prepareTestInstance(TestContextManager.java:244) ~[spring-test-5.2.8.RELEASE.jar:5.2.8.RELEASE]
	at org.springframework.test.context.junit.jupiter.SpringExtension.postProcessTestInstance(SpringExtension.java:98) ~[spring-test-5.2.8.RELEASE.jar:5.2.8.RELEASE]
	at org.junit.jupiter.engine.descriptor.ClassBasedTestDescriptor.lambda$invokeTestInstancePostProcessors$5(ClassBasedTestDescriptor.java:341) ~[junit-jupiter-engine-5.6.2.jar:5.6.2]
	at org.junit.jupiter.engine.descriptor.ClassBasedTestDescriptor.executeAndMaskThrowable(ClassBasedTestDescriptor.java:346) ~[junit-jupiter-engine-5.6.2.jar:5.6.2]
	at org.junit.jupiter.engine.descriptor.ClassBasedTestDescriptor.lambda$invokeTestInstancePostProcessors$6(ClassBasedTestDescriptor.java:341) ~[junit-jupiter-engine-5.6.2.jar:5.6.2]
	at java.util.stream.ReferencePipeline$3$1.accept(ReferencePipeline.java:195) ~[?:?]
	at java.util.stream.ReferencePipeline$2$1.accept(ReferencePipeline.java:177) ~[?:?]
	at java.util.ArrayList$ArrayListSpliterator.forEachRemaining(ArrayList.java:1654) ~[?:?]
	at java.util.stream.AbstractPipeline.copyInto(AbstractPipeline.java:484) ~[?:?]
	at java.util.stream.AbstractPipeline.wrapAndCopyInto(AbstractPipeline.java:474) ~[?:?]
	at java.util.stream.StreamSpliterators$WrappingSpliterator.forEachRemaining(StreamSpliterators.java:312) ~[?:?]
	at java.util.stream.Streams$ConcatSpliterator.forEachRemaining(Streams.java:735) ~[?:?]
	at java.util.stream.Streams$ConcatSpliterator.forEachRemaining(Streams.java:734) ~[?:?]
	at java.util.stream.ReferencePipeline$Head.forEach(ReferencePipeline.java:658) ~[?:?]
	at org.junit.jupiter.engine.descriptor.ClassBasedTestDescriptor.invokeTestInstancePostProcessors(ClassBasedTestDescriptor.java:340) ~[junit-jupiter-engine-5.6.2.jar:5.6.2]
	at org.junit.jupiter.engine.descriptor.ClassBasedTestDescriptor.instantiateAndPostProcessTestInstance(ClassBasedTestDescriptor.java:263) ~[junit-jupiter-engine-5.6.2.jar:5.6.2]
	at org.junit.jupiter.engine.descriptor.ClassBasedTestDescriptor.lambda$testInstancesProvider$2(ClassBasedTestDescriptor.java:256) ~[junit-jupiter-engine-5.6.2.jar:5.6.2]
	at java.util.Optional.orElseGet(Optional.java:369) ~[?:?]
	at org.junit.jupiter.engine.descriptor.ClassBasedTestDescriptor.lambda$testInstancesProvider$3(ClassBasedTestDescriptor.java:255) ~[junit-jupiter-engine-5.6.2.jar:5.6.2]
	at org.junit.jupiter.engine.execution.TestInstancesProvider.getTestInstances(TestInstancesProvider.java:29) ~[junit-jupiter-engine-5.6.2.jar:5.6.2]
	at org.junit.jupiter.engine.descriptor.TestMethodTestDescriptor.lambda$prepare$0(TestMethodTestDescriptor.java:108) ~[junit-jupiter-engine-5.6.2.jar:5.6.2]
	at org.junit.platform.engine.support.hierarchical.ThrowableCollector.execute(ThrowableCollector.java:73) ~[junit-platform-engine-1.6.2.jar:1.6.2]
	at org.junit.jupiter.engine.descriptor.TestMethodTestDescriptor.prepare(TestMethodTestDescriptor.java:107) ~[junit-jupiter-engine-5.6.2.jar:5.6.2]
	at org.junit.jupiter.engine.descriptor.TestMethodTestDescriptor.prepare(TestMethodTestDescriptor.java:71) ~[junit-jupiter-engine-5.6.2.jar:5.6.2]
	at org.junit.platform.engine.support.hierarchical.NodeTestTask.lambda$prepare$1(NodeTestTask.java:107) ~[junit-platform-engine-1.6.2.jar:1.6.2]
	at org.junit.platform.engine.support.hierarchical.ThrowableCollector.execute(ThrowableCollector.java:73) ~[junit-platform-engine-1.6.2.jar:1.6.2]
	at org.junit.platform.engine.support.hierarchical.NodeTestTask.prepare(NodeTestTask.java:107) ~[junit-platform-engine-1.6.2.jar:1.6.2]
	at org.junit.platform.engine.support.hierarchical.NodeTestTask.execute(NodeTestTask.java:75) ~[junit-platform-engine-1.6.2.jar:1.6.2]
	at java.util.ArrayList.forEach(ArrayList.java:1540) ~[?:?]
	at org.junit.platform.engine.support.hierarchical.SameThreadHierarchicalTestExecutorService.invokeAll(SameThreadHierarchicalTestExecutorService.java:38) ~[junit-platform-engine-1.6.2.jar:1.6.2]
	at org.junit.platform.engine.support.hierarchical.NodeTestTask.lambda$executeRecursively$5(NodeTestTask.java:139) ~[junit-platform-engine-1.6.2.jar:1.6.2]
	at org.junit.platform.engine.support.hierarchical.ThrowableCollector.execute(ThrowableCollector.java:73) ~[junit-platform-engine-1.6.2.jar:1.6.2]
	at org.junit.platform.engine.support.hierarchical.NodeTestTask.lambda$executeRecursively$7(NodeTestTask.java:125) ~[junit-platform-engine-1.6.2.jar:1.6.2]
	at org.junit.platform.engine.support.hierarchical.Node.around(Node.java:135) ~[junit-platform-engine-1.6.2.jar:1.6.2]
	at org.junit.platform.engine.support.hierarchical.NodeTestTask.lambda$executeRecursively$8(NodeTestTask.java:123) ~[junit-platform-engine-1.6.2.jar:1.6.2]
	at org.junit.platform.engine.support.hierarchical.ThrowableCollector.execute(ThrowableCollector.java:73) ~[junit-platform-engine-1.6.2.jar:1.6.2]
	at org.junit.platform.engine.support.hierarchical.NodeTestTask.executeRecursively(NodeTestTask.java:122) ~[junit-platform-engine-1.6.2.jar:1.6.2]
	at org.junit.platform.engine.support.hierarchical.NodeTestTask.execute(NodeTestTask.java:80) ~[junit-platform-engine-1.6.2.jar:1.6.2]
	at java.util.ArrayList.forEach(ArrayList.java:1540) ~[?:?]
	at org.junit.platform.engine.support.hierarchical.SameThreadHierarchicalTestExecutorService.invokeAll(SameThreadHierarchicalTestExecutorService.java:38) ~[junit-platform-engine-1.6.2.jar:1.6.2]
	at org.junit.platform.engine.support.hierarchical.NodeTestTask.lambda$executeRecursively$5(NodeTestTask.java:139) ~[junit-platform-engine-1.6.2.jar:1.6.2]
	at org.junit.platform.engine.support.hierarchical.ThrowableCollector.execute(ThrowableCollector.java:73) ~[junit-platform-engine-1.6.2.jar:1.6.2]
	at org.junit.platform.engine.support.hierarchical.NodeTestTask.lambda$executeRecursively$7(NodeTestTask.java:125) ~[junit-platform-engine-1.6.2.jar:1.6.2]
	at org.junit.platform.engine.support.hierarchical.Node.around(Node.java:135) ~[junit-platform-engine-1.6.2.jar:1.6.2]
	at org.junit.platform.engine.support.hierarchical.NodeTestTask.lambda$executeRecursively$8(NodeTestTask.java:123) ~[junit-platform-engine-1.6.2.jar:1.6.2]
	at org.junit.platform.engine.support.hierarchical.ThrowableCollector.execute(ThrowableCollector.java:73) ~[junit-platform-engine-1.6.2.jar:1.6.2]
	at org.junit.platform.engine.support.hierarchical.NodeTestTask.executeRecursively(NodeTestTask.java:122) ~[junit-platform-engine-1.6.2.jar:1.6.2]
	at org.junit.platform.engine.support.hierarchical.NodeTestTask.execute(NodeTestTask.java:80) ~[junit-platform-engine-1.6.2.jar:1.6.2]
	at org.junit.platform.engine.support.hierarchical.SameThreadHierarchicalTestExecutorService.submit(SameThreadHierarchicalTestExecutorService.java:32) ~[junit-platform-engine-1.6.2.jar:1.6.2]
	at org.junit.platform.engine.support.hierarchical.HierarchicalTestExecutor.execute(HierarchicalTestExecutor.java:57) ~[junit-platform-engine-1.6.2.jar:1.6.2]
	at org.junit.platform.engine.support.hierarchical.HierarchicalTestEngine.execute(HierarchicalTestEngine.java:51) ~[junit-platform-engine-1.6.2.jar:1.6.2]
	at org.junit.platform.launcher.core.DefaultLauncher.execute(DefaultLauncher.java:220) ~[junit-platform-launcher-1.3.1.jar:1.3.1]
	at org.junit.platform.launcher.core.DefaultLauncher.lambda$execute$6(DefaultLauncher.java:188) ~[junit-platform-launcher-1.3.1.jar:1.3.1]
	at org.junit.platform.launcher.core.DefaultLauncher.withInterceptedStreams(DefaultLauncher.java:202) [junit-platform-launcher-1.3.1.jar:1.3.1]
	at org.junit.platform.launcher.core.DefaultLauncher.execute(DefaultLauncher.java:181) [junit-platform-launcher-1.3.1.jar:1.3.1]
	at org.junit.platform.launcher.core.DefaultLauncher.execute(DefaultLauncher.java:128) [junit-platform-launcher-1.3.1.jar:1.3.1]
	at org.apache.maven.surefire.junitplatform.JUnitPlatformProvider.invokeAllTests(JUnitPlatformProvider.java:150) [surefire-junit-platform-2.22.2.jar:2.22.2]
	at org.apache.maven.surefire.junitplatform.JUnitPlatformProvider.invoke(JUnitPlatformProvider.java:124) [surefire-junit-platform-2.22.2.jar:2.22.2]
	at org.apache.maven.surefire.booter.ForkedBooter.invokeProviderInSameClassLoader(ForkedBooter.java:384) [surefire-booter-2.22.2.jar:2.22.2]
	at org.apache.maven.surefire.booter.ForkedBooter.runSuitesInProcess(ForkedBooter.java:345) [surefire-booter-2.22.2.jar:2.22.2]
	at org.apache.maven.surefire.booter.ForkedBooter.execute(ForkedBooter.java:126) [surefire-booter-2.22.2.jar:2.22.2]
	at org.apache.maven.surefire.booter.ForkedBooter.main(ForkedBooter.java:418) [surefire-booter-2.22.2.jar:2.22.2]
Caused by: org.springframework.beans.factory.BeanDefinitionStoreException: Failed to parse configuration class [zama.training.StartWebApplication]; nested exception is java.io.FileNotFoundException: class path resource [buildNumber.properties] cannot be opened because it does not exist
	at org.springframework.context.annotation.ConfigurationClassParser.parse(ConfigurationClassParser.java:188) ~[spring-context-5.2.8.RELEASE.jar:5.2.8.RELEASE]
	at org.springframework.context.annotation.ConfigurationClassPostProcessor.processConfigBeanDefinitions(ConfigurationClassPostProcessor.java:319) ~[spring-context-5.2.8.RELEASE.jar:5.2.8.RELEASE]
	at org.springframework.context.annotation.ConfigurationClassPostProcessor.postProcessBeanDefinitionRegistry(ConfigurationClassPostProcessor.java:236) ~[spring-context-5.2.8.RELEASE.jar:5.2.8.RELEASE]
	at org.springframework.context.support.PostProcessorRegistrationDelegate.invokeBeanDefinitionRegistryPostProcessors(PostProcessorRegistrationDelegate.java:280) ~[spring-context-5.2.8.RELEASE.jar:5.2.8.RELEASE]
	at org.springframework.context.support.PostProcessorRegistrationDelegate.invokeBeanFactoryPostProcessors(PostProcessorRegistrationDelegate.java:96) ~[spring-context-5.2.8.RELEASE.jar:5.2.8.RELEASE]
	at org.springframework.context.support.AbstractApplicationContext.invokeBeanFactoryPostProcessors(AbstractApplicationContext.java:707) ~[spring-context-5.2.8.RELEASE.jar:5.2.8.RELEASE]
	at org.springframework.context.support.AbstractApplicationContext.refresh(AbstractApplicationContext.java:533) ~[spring-context-5.2.8.RELEASE.jar:5.2.8.RELEASE]
	at org.springframework.boot.SpringApplication.refresh(SpringApplication.java:758) ~[spring-boot-2.3.3.RELEASE.jar:2.3.3.RELEASE]
	at org.springframework.boot.SpringApplication.refresh(SpringApplication.java:750) ~[spring-boot-2.3.3.RELEASE.jar:2.3.3.RELEASE]
	at org.springframework.boot.SpringApplication.refreshContext(SpringApplication.java:397) ~[spring-boot-2.3.3.RELEASE.jar:2.3.3.RELEASE]
	at org.springframework.boot.SpringApplication.run(SpringApplication.java:315) ~[spring-boot-2.3.3.RELEASE.jar:2.3.3.RELEASE]
	at org.springframework.boot.test.context.SpringBootContextLoader.loadContext(SpringBootContextLoader.java:120) ~[spring-boot-test-2.3.3.RELEASE.jar:2.3.3.RELEASE]
	at org.springframework.test.context.cache.DefaultCacheAwareContextLoaderDelegate.loadContextInternal(DefaultCacheAwareContextLoaderDelegate.java:99) ~[spring-test-5.2.8.RELEASE.jar:5.2.8.RELEASE]
	at org.springframework.test.context.cache.DefaultCacheAwareContextLoaderDelegate.loadContext(DefaultCacheAwareContextLoaderDelegate.java:124) ~[spring-test-5.2.8.RELEASE.jar:5.2.8.RELEASE]
	... 65 more
Caused by: java.io.FileNotFoundException: class path resource [buildNumber.properties] cannot be opened because it does not exist
	at org.springframework.core.io.ClassPathResource.getInputStream(ClassPathResource.java:180) ~[spring-core-5.2.8.RELEASE.jar:5.2.8.RELEASE]
	at org.springframework.core.io.support.EncodedResource.getInputStream(EncodedResource.java:159) ~[spring-core-5.2.8.RELEASE.jar:5.2.8.RELEASE]
	at org.springframework.core.io.support.PropertiesLoaderUtils.fillProperties(PropertiesLoaderUtils.java:99) ~[spring-core-5.2.8.RELEASE.jar:5.2.8.RELEASE]
	at org.springframework.core.io.support.PropertiesLoaderUtils.fillProperties(PropertiesLoaderUtils.java:73) ~[spring-core-5.2.8.RELEASE.jar:5.2.8.RELEASE]
	at org.springframework.core.io.support.PropertiesLoaderUtils.loadProperties(PropertiesLoaderUtils.java:59) ~[spring-core-5.2.8.RELEASE.jar:5.2.8.RELEASE]
	at org.springframework.core.io.support.ResourcePropertySource.<init>(ResourcePropertySource.java:67) ~[spring-core-5.2.8.RELEASE.jar:5.2.8.RELEASE]
	at org.springframework.core.io.support.DefaultPropertySourceFactory.createPropertySource(DefaultPropertySourceFactory.java:37) ~[spring-core-5.2.8.RELEASE.jar:5.2.8.RELEASE]
	at org.springframework.context.annotation.ConfigurationClassParser.processPropertySource(ConfigurationClassParser.java:462) ~[spring-context-5.2.8.RELEASE.jar:5.2.8.RELEASE]
	at org.springframework.context.annotation.ConfigurationClassParser.doProcessConfigurationClass(ConfigurationClassParser.java:279) ~[spring-context-5.2.8.RELEASE.jar:5.2.8.RELEASE]
	at org.springframework.context.annotation.ConfigurationClassParser.processConfigurationClass(ConfigurationClassParser.java:249) ~[spring-context-5.2.8.RELEASE.jar:5.2.8.RELEASE]
	at org.springframework.context.annotation.ConfigurationClassParser.parse(ConfigurationClassParser.java:198) ~[spring-context-5.2.8.RELEASE.jar:5.2.8.RELEASE]
	at org.springframework.context.annotation.ConfigurationClassParser.doProcessConfigurationClass(ConfigurationClassParser.java:303) ~[spring-context-5.2.8.RELEASE.jar:5.2.8.RELEASE]
	at org.springframework.context.annotation.ConfigurationClassParser.processConfigurationClass(ConfigurationClassParser.java:249) ~[spring-context-5.2.8.RELEASE.jar:5.2.8.RELEASE]
	at org.springframework.context.annotation.ConfigurationClassParser.parse(ConfigurationClassParser.java:206) ~[spring-context-5.2.8.RELEASE.jar:5.2.8.RELEASE]
	at org.springframework.context.annotation.ConfigurationClassParser.parse(ConfigurationClassParser.java:174) ~[spring-context-5.2.8.RELEASE.jar:5.2.8.RELEASE]
	at org.springframework.context.annotation.ConfigurationClassPostProcessor.processConfigBeanDefinitions(ConfigurationClassPostProcessor.java:319) ~[spring-context-5.2.8.RELEASE.jar:5.2.8.RELEASE]
	at org.springframework.context.annotation.ConfigurationClassPostProcessor.postProcessBeanDefinitionRegistry(ConfigurationClassPostProcessor.java:236) ~[spring-context-5.2.8.RELEASE.jar:5.2.8.RELEASE]
	at org.springframework.context.support.PostProcessorRegistrationDelegate.invokeBeanDefinitionRegistryPostProcessors(PostProcessorRegistrationDelegate.java:280) ~[spring-context-5.2.8.RELEASE.jar:5.2.8.RELEASE]
	at org.springframework.context.support.PostProcessorRegistrationDelegate.invokeBeanFactoryPostProcessors(PostProcessorRegistrationDelegate.java:96) ~[spring-context-5.2.8.RELEASE.jar:5.2.8.RELEASE]
	at org.springframework.context.support.AbstractApplicationContext.invokeBeanFactoryPostProcessors(AbstractApplicationContext.java:707) ~[spring-context-5.2.8.RELEASE.jar:5.2.8.RELEASE]
	at org.springframework.context.support.AbstractApplicationContext.refresh(AbstractApplicationContext.java:533) ~[spring-context-5.2.8.RELEASE.jar:5.2.8.RELEASE]
	at org.springframework.boot.SpringApplication.refresh(SpringApplication.java:758) ~[spring-boot-2.3.3.RELEASE.jar:2.3.3.RELEASE]
	at org.springframework.boot.SpringApplication.refresh(SpringApplication.java:750) ~[spring-boot-2.3.3.RELEASE.jar:2.3.3.RELEASE]
	at org.springframework.boot.SpringApplication.refreshContext(SpringApplication.java:397) ~[spring-boot-2.3.3.RELEASE.jar:2.3.3.RELEASE]
	at org.springframework.boot.SpringApplication.run(SpringApplication.java:315) ~[spring-boot-2.3.3.RELEASE.jar:2.3.3.RELEASE]
	at org.springframework.boot.test.context.SpringBootContextLoader.loadContext(SpringBootContextLoader.java:120) ~[spring-boot-test-2.3.3.RELEASE.jar:2.3.3.RELEASE]
	at org.springframework.test.context.cache.DefaultCacheAwareContextLoaderDelegate.loadContextInternal(DefaultCacheAwareContextLoaderDelegate.java:99) ~[spring-test-5.2.8.RELEASE.jar:5.2.8.RELEASE]
	at org.springframework.test.context.cache.DefaultCacheAwareContextLoaderDelegate.loadContext(DefaultCacheAwareContextLoaderDelegate.java:124) ~[spring-test-5.2.8.RELEASE.jar:5.2.8.RELEASE]
	... 65 more
2023-03-09 17:19:37,021 INFO z.t.SpringMvcExampleWarApplicationTests [main] Starting SpringMvcExampleWarApplicationTests on DESKTOP-E86N4JO with PID 26216 (started by EFFIGO in C:\Users\EFFIGO\Desktop\Azure\example\2_1_spring-mvc-example-war)
2023-03-09 17:19:37,034 DEBUG z.t.SpringMvcExampleWarApplicationTests [main] Running with Spring Boot v2.3.3.RELEASE, Spring v5.2.8.RELEASE
2023-03-09 17:19:37,036 INFO z.t.SpringMvcExampleWarApplicationTests [main] No active profile set, falling back to default profiles: default
2023-03-09 17:19:37,701 ERROR o.s.t.c.TestContextManager [main] Caught exception while allowing TestExecutionListener [org.springframework.test.context.web.ServletTestExecutionListener@3fb9a67f] to prepare test instance [zama.training.SpringMvcExampleWarApplicationTests@127705e4]
java.lang.IllegalStateException: Failed to load ApplicationContext
	at org.springframework.test.context.cache.DefaultCacheAwareContextLoaderDelegate.loadContext(DefaultCacheAwareContextLoaderDelegate.java:132) ~[spring-test-5.2.8.RELEASE.jar:5.2.8.RELEASE]
	at org.springframework.test.context.support.DefaultTestContext.getApplicationContext(DefaultTestContext.java:123) ~[spring-test-5.2.8.RELEASE.jar:5.2.8.RELEASE]
	at org.springframework.test.context.web.ServletTestExecutionListener.setUpRequestContextIfNecessary(ServletTestExecutionListener.java:190) ~[spring-test-5.2.8.RELEASE.jar:5.2.8.RELEASE]
	at org.springframework.test.context.web.ServletTestExecutionListener.prepareTestInstance(ServletTestExecutionListener.java:132) ~[spring-test-5.2.8.RELEASE.jar:5.2.8.RELEASE]
	at org.springframework.test.context.TestContextManager.prepareTestInstance(TestContextManager.java:244) ~[spring-test-5.2.8.RELEASE.jar:5.2.8.RELEASE]
	at org.springframework.test.context.junit.jupiter.SpringExtension.postProcessTestInstance(SpringExtension.java:98) ~[spring-test-5.2.8.RELEASE.jar:5.2.8.RELEASE]
	at org.junit.jupiter.engine.descriptor.ClassBasedTestDescriptor.lambda$invokeTestInstancePostProcessors$5(ClassBasedTestDescriptor.java:341) ~[junit-jupiter-engine-5.6.2.jar:5.6.2]
	at org.junit.jupiter.engine.descriptor.ClassBasedTestDescriptor.executeAndMaskThrowable(ClassBasedTestDescriptor.java:346) ~[junit-jupiter-engine-5.6.2.jar:5.6.2]
	at org.junit.jupiter.engine.descriptor.ClassBasedTestDescriptor.lambda$invokeTestInstancePostProcessors$6(ClassBasedTestDescriptor.java:341) ~[junit-jupiter-engine-5.6.2.jar:5.6.2]
	at java.util.stream.ReferencePipeline$3$1.accept(ReferencePipeline.java:195) ~[?:?]
	at java.util.stream.ReferencePipeline$2$1.accept(ReferencePipeline.java:177) ~[?:?]
	at java.util.ArrayList$ArrayListSpliterator.forEachRemaining(ArrayList.java:1654) ~[?:?]
	at java.util.stream.AbstractPipeline.copyInto(AbstractPipeline.java:484) ~[?:?]
	at java.util.stream.AbstractPipeline.wrapAndCopyInto(AbstractPipeline.java:474) ~[?:?]
	at java.util.stream.StreamSpliterators$WrappingSpliterator.forEachRemaining(StreamSpliterators.java:312) ~[?:?]
	at java.util.stream.Streams$ConcatSpliterator.forEachRemaining(Streams.java:735) ~[?:?]
	at java.util.stream.Streams$ConcatSpliterator.forEachRemaining(Streams.java:734) ~[?:?]
	at java.util.stream.ReferencePipeline$Head.forEach(ReferencePipeline.java:658) ~[?:?]
	at org.junit.jupiter.engine.descriptor.ClassBasedTestDescriptor.invokeTestInstancePostProcessors(ClassBasedTestDescriptor.java:340) ~[junit-jupiter-engine-5.6.2.jar:5.6.2]
	at org.junit.jupiter.engine.descriptor.ClassBasedTestDescriptor.instantiateAndPostProcessTestInstance(ClassBasedTestDescriptor.java:263) ~[junit-jupiter-engine-5.6.2.jar:5.6.2]
	at org.junit.jupiter.engine.descriptor.ClassBasedTestDescriptor.lambda$testInstancesProvider$2(ClassBasedTestDescriptor.java:256) ~[junit-jupiter-engine-5.6.2.jar:5.6.2]
	at java.util.Optional.orElseGet(Optional.java:369) ~[?:?]
	at org.junit.jupiter.engine.descriptor.ClassBasedTestDescriptor.lambda$testInstancesProvider$3(ClassBasedTestDescriptor.java:255) ~[junit-jupiter-engine-5.6.2.jar:5.6.2]
	at org.junit.jupiter.engine.execution.TestInstancesProvider.getTestInstances(TestInstancesProvider.java:29) ~[junit-jupiter-engine-5.6.2.jar:5.6.2]
	at org.junit.jupiter.engine.descriptor.TestMethodTestDescriptor.lambda$prepare$0(TestMethodTestDescriptor.java:108) ~[junit-jupiter-engine-5.6.2.jar:5.6.2]
	at org.junit.platform.engine.support.hierarchical.ThrowableCollector.execute(ThrowableCollector.java:73) ~[junit-platform-engine-1.6.2.jar:1.6.2]
	at org.junit.jupiter.engine.descriptor.TestMethodTestDescriptor.prepare(TestMethodTestDescriptor.java:107) ~[junit-jupiter-engine-5.6.2.jar:5.6.2]
	at org.junit.jupiter.engine.descriptor.TestMethodTestDescriptor.prepare(TestMethodTestDescriptor.java:71) ~[junit-jupiter-engine-5.6.2.jar:5.6.2]
	at org.junit.platform.engine.support.hierarchical.NodeTestTask.lambda$prepare$1(NodeTestTask.java:107) ~[junit-platform-engine-1.6.2.jar:1.6.2]
	at org.junit.platform.engine.support.hierarchical.ThrowableCollector.execute(ThrowableCollector.java:73) ~[junit-platform-engine-1.6.2.jar:1.6.2]
	at org.junit.platform.engine.support.hierarchical.NodeTestTask.prepare(NodeTestTask.java:107) ~[junit-platform-engine-1.6.2.jar:1.6.2]
	at org.junit.platform.engine.support.hierarchical.NodeTestTask.execute(NodeTestTask.java:75) ~[junit-platform-engine-1.6.2.jar:1.6.2]
	at java.util.ArrayList.forEach(ArrayList.java:1540) ~[?:?]
	at org.junit.platform.engine.support.hierarchical.SameThreadHierarchicalTestExecutorService.invokeAll(SameThreadHierarchicalTestExecutorService.java:38) ~[junit-platform-engine-1.6.2.jar:1.6.2]
	at org.junit.platform.engine.support.hierarchical.NodeTestTask.lambda$executeRecursively$5(NodeTestTask.java:139) ~[junit-platform-engine-1.6.2.jar:1.6.2]
	at org.junit.platform.engine.support.hierarchical.ThrowableCollector.execute(ThrowableCollector.java:73) ~[junit-platform-engine-1.6.2.jar:1.6.2]
	at org.junit.platform.engine.support.hierarchical.NodeTestTask.lambda$executeRecursively$7(NodeTestTask.java:125) ~[junit-platform-engine-1.6.2.jar:1.6.2]
	at org.junit.platform.engine.support.hierarchical.Node.around(Node.java:135) ~[junit-platform-engine-1.6.2.jar:1.6.2]
	at org.junit.platform.engine.support.hierarchical.NodeTestTask.lambda$executeRecursively$8(NodeTestTask.java:123) ~[junit-platform-engine-1.6.2.jar:1.6.2]
	at org.junit.platform.engine.support.hierarchical.ThrowableCollector.execute(ThrowableCollector.java:73) ~[junit-platform-engine-1.6.2.jar:1.6.2]
	at org.junit.platform.engine.support.hierarchical.NodeTestTask.executeRecursively(NodeTestTask.java:122) ~[junit-platform-engine-1.6.2.jar:1.6.2]
	at org.junit.platform.engine.support.hierarchical.NodeTestTask.execute(NodeTestTask.java:80) ~[junit-platform-engine-1.6.2.jar:1.6.2]
	at java.util.ArrayList.forEach(ArrayList.java:1540) ~[?:?]
	at org.junit.platform.engine.support.hierarchical.SameThreadHierarchicalTestExecutorService.invokeAll(SameThreadHierarchicalTestExecutorService.java:38) ~[junit-platform-engine-1.6.2.jar:1.6.2]
	at org.junit.platform.engine.support.hierarchical.NodeTestTask.lambda$executeRecursively$5(NodeTestTask.java:139) ~[junit-platform-engine-1.6.2.jar:1.6.2]
	at org.junit.platform.engine.support.hierarchical.ThrowableCollector.execute(ThrowableCollector.java:73) ~[junit-platform-engine-1.6.2.jar:1.6.2]
	at org.junit.platform.engine.support.hierarchical.NodeTestTask.lambda$executeRecursively$7(NodeTestTask.java:125) ~[junit-platform-engine-1.6.2.jar:1.6.2]
	at org.junit.platform.engine.support.hierarchical.Node.around(Node.java:135) ~[junit-platform-engine-1.6.2.jar:1.6.2]
	at org.junit.platform.engine.support.hierarchical.NodeTestTask.lambda$executeRecursively$8(NodeTestTask.java:123) ~[junit-platform-engine-1.6.2.jar:1.6.2]
	at org.junit.platform.engine.support.hierarchical.ThrowableCollector.execute(ThrowableCollector.java:73) ~[junit-platform-engine-1.6.2.jar:1.6.2]
	at org.junit.platform.engine.support.hierarchical.NodeTestTask.executeRecursively(NodeTestTask.java:122) ~[junit-platform-engine-1.6.2.jar:1.6.2]
	at org.junit.platform.engine.support.hierarchical.NodeTestTask.execute(NodeTestTask.java:80) ~[junit-platform-engine-1.6.2.jar:1.6.2]
	at org.junit.platform.engine.support.hierarchical.SameThreadHierarchicalTestExecutorService.submit(SameThreadHierarchicalTestExecutorService.java:32) ~[junit-platform-engine-1.6.2.jar:1.6.2]
	at org.junit.platform.engine.support.hierarchical.HierarchicalTestExecutor.execute(HierarchicalTestExecutor.java:57) ~[junit-platform-engine-1.6.2.jar:1.6.2]
	at org.junit.platform.engine.support.hierarchical.HierarchicalTestEngine.execute(HierarchicalTestEngine.java:51) ~[junit-platform-engine-1.6.2.jar:1.6.2]
	at org.junit.platform.launcher.core.DefaultLauncher.execute(DefaultLauncher.java:220) ~[junit-platform-launcher-1.3.1.jar:1.3.1]
	at org.junit.platform.launcher.core.DefaultLauncher.lambda$execute$6(DefaultLauncher.java:188) ~[junit-platform-launcher-1.3.1.jar:1.3.1]
	at org.junit.platform.launcher.core.DefaultLauncher.withInterceptedStreams(DefaultLauncher.java:202) [junit-platform-launcher-1.3.1.jar:1.3.1]
	at org.junit.platform.launcher.core.DefaultLauncher.execute(DefaultLauncher.java:181) [junit-platform-launcher-1.3.1.jar:1.3.1]
	at org.junit.platform.launcher.core.DefaultLauncher.execute(DefaultLauncher.java:128) [junit-platform-launcher-1.3.1.jar:1.3.1]
	at org.apache.maven.surefire.junitplatform.JUnitPlatformProvider.invokeAllTests(JUnitPlatformProvider.java:150) [surefire-junit-platform-2.22.2.jar:2.22.2]
	at org.apache.maven.surefire.junitplatform.JUnitPlatformProvider.invoke(JUnitPlatformProvider.java:124) [surefire-junit-platform-2.22.2.jar:2.22.2]
	at org.apache.maven.surefire.booter.ForkedBooter.invokeProviderInSameClassLoader(ForkedBooter.java:384) [surefire-booter-2.22.2.jar:2.22.2]
	at org.apache.maven.surefire.booter.ForkedBooter.runSuitesInProcess(ForkedBooter.java:345) [surefire-booter-2.22.2.jar:2.22.2]
	at org.apache.maven.surefire.booter.ForkedBooter.execute(ForkedBooter.java:126) [surefire-booter-2.22.2.jar:2.22.2]
	at org.apache.maven.surefire.booter.ForkedBooter.main(ForkedBooter.java:418) [surefire-booter-2.22.2.jar:2.22.2]
Caused by: org.springframework.beans.factory.BeanCreationException: Error creating bean with name 'versionController': Injection of autowired dependencies failed; nested exception is java.lang.IllegalArgumentException: Could not resolve placeholder 'project.version' in value "${project.version}"
	at org.springframework.beans.factory.annotation.AutowiredAnnotationBeanPostProcessor.postProcessProperties(AutowiredAnnotationBeanPostProcessor.java:405) ~[spring-beans-5.2.8.RELEASE.jar:5.2.8.RELEASE]
	at org.springframework.beans.factory.support.AbstractAutowireCapableBeanFactory.populateBean(AbstractAutowireCapableBeanFactory.java:1420) ~[spring-beans-5.2.8.RELEASE.jar:5.2.8.RELEASE]
	at org.springframework.beans.factory.support.AbstractAutowireCapableBeanFactory.doCreateBean(AbstractAutowireCapableBeanFactory.java:593) ~[spring-beans-5.2.8.RELEASE.jar:5.2.8.RELEASE]
	at org.springframework.beans.factory.support.AbstractAutowireCapableBeanFactory.createBean(AbstractAutowireCapableBeanFactory.java:516) ~[spring-beans-5.2.8.RELEASE.jar:5.2.8.RELEASE]
	at org.springframework.beans.factory.support.AbstractBeanFactory.lambda$doGetBean$0(AbstractBeanFactory.java:324) ~[spring-beans-5.2.8.RELEASE.jar:5.2.8.RELEASE]
	at org.springframework.beans.factory.support.DefaultSingletonBeanRegistry.getSingleton(DefaultSingletonBeanRegistry.java:226) ~[spring-beans-5.2.8.RELEASE.jar:5.2.8.RELEASE]
	at org.springframework.beans.factory.support.AbstractBeanFactory.doGetBean(AbstractBeanFactory.java:322) ~[spring-beans-5.2.8.RELEASE.jar:5.2.8.RELEASE]
	at org.springframework.beans.factory.support.AbstractBeanFactory.getBean(AbstractBeanFactory.java:202) ~[spring-beans-5.2.8.RELEASE.jar:5.2.8.RELEASE]
	at org.springframework.beans.factory.support.DefaultListableBeanFactory.preInstantiateSingletons(DefaultListableBeanFactory.java:897) ~[spring-beans-5.2.8.RELEASE.jar:5.2.8.RELEASE]
	at org.springframework.context.support.AbstractApplicationContext.finishBeanFactoryInitialization(AbstractApplicationContext.java:879) ~[spring-context-5.2.8.RELEASE.jar:5.2.8.RELEASE]
	at org.springframework.context.support.AbstractApplicationContext.refresh(AbstractApplicationContext.java:551) ~[spring-context-5.2.8.RELEASE.jar:5.2.8.RELEASE]
	at org.springframework.boot.SpringApplication.refresh(SpringApplication.java:758) ~[spring-boot-2.3.3.RELEASE.jar:2.3.3.RELEASE]
	at org.springframework.boot.SpringApplication.refresh(SpringApplication.java:750) ~[spring-boot-2.3.3.RELEASE.jar:2.3.3.RELEASE]
	at org.springframework.boot.SpringApplication.refreshContext(SpringApplication.java:397) ~[spring-boot-2.3.3.RELEASE.jar:2.3.3.RELEASE]
	at org.springframework.boot.SpringApplication.run(SpringApplication.java:315) ~[spring-boot-2.3.3.RELEASE.jar:2.3.3.RELEASE]
	at org.springframework.boot.test.context.SpringBootContextLoader.loadContext(SpringBootContextLoader.java:120) ~[spring-boot-test-2.3.3.RELEASE.jar:2.3.3.RELEASE]
	at org.springframework.test.context.cache.DefaultCacheAwareContextLoaderDelegate.loadContextInternal(DefaultCacheAwareContextLoaderDelegate.java:99) ~[spring-test-5.2.8.RELEASE.jar:5.2.8.RELEASE]
	at org.springframework.test.context.cache.DefaultCacheAwareContextLoaderDelegate.loadContext(DefaultCacheAwareContextLoaderDelegate.java:124) ~[spring-test-5.2.8.RELEASE.jar:5.2.8.RELEASE]
	... 65 more
Caused by: java.lang.IllegalArgumentException: Could not resolve placeholder 'project.version' in value "${project.version}"
	at org.springframework.util.PropertyPlaceholderHelper.parseStringValue(PropertyPlaceholderHelper.java:178) ~[spring-core-5.2.8.RELEASE.jar:5.2.8.RELEASE]
	at org.springframework.util.PropertyPlaceholderHelper.replacePlaceholders(PropertyPlaceholderHelper.java:124) ~[spring-core-5.2.8.RELEASE.jar:5.2.8.RELEASE]
	at org.springframework.core.env.AbstractPropertyResolver.doResolvePlaceholders(AbstractPropertyResolver.java:239) ~[spring-core-5.2.8.RELEASE.jar:5.2.8.RELEASE]
	at org.springframework.core.env.AbstractPropertyResolver.resolveRequiredPlaceholders(AbstractPropertyResolver.java:210) ~[spring-core-5.2.8.RELEASE.jar:5.2.8.RELEASE]
	at org.springframework.context.support.PropertySourcesPlaceholderConfigurer.lambda$processProperties$0(PropertySourcesPlaceholderConfigurer.java:175) ~[spring-context-5.2.8.RELEASE.jar:5.2.8.RELEASE]
	at org.springframework.beans.factory.support.AbstractBeanFactory.resolveEmbeddedValue(AbstractBeanFactory.java:918) ~[spring-beans-5.2.8.RELEASE.jar:5.2.8.RELEASE]
	at org.springframework.beans.factory.support.DefaultListableBeanFactory.doResolveDependency(DefaultListableBeanFactory.java:1248) ~[spring-beans-5.2.8.RELEASE.jar:5.2.8.RELEASE]
	at org.springframework.beans.factory.support.DefaultListableBeanFactory.resolveDependency(DefaultListableBeanFactory.java:1227) ~[spring-beans-5.2.8.RELEASE.jar:5.2.8.RELEASE]
	at org.springframework.beans.factory.annotation.AutowiredAnnotationBeanPostProcessor$AutowiredFieldElement.inject(AutowiredAnnotationBeanPostProcessor.java:640) ~[spring-beans-5.2.8.RELEASE.jar:5.2.8.RELEASE]
	at org.springframework.beans.factory.annotation.InjectionMetadata.inject(InjectionMetadata.java:130) ~[spring-beans-5.2.8.RELEASE.jar:5.2.8.RELEASE]
	at org.springframework.beans.factory.annotation.AutowiredAnnotationBeanPostProcessor.postProcessProperties(AutowiredAnnotationBeanPostProcessor.java:399) ~[spring-beans-5.2.8.RELEASE.jar:5.2.8.RELEASE]
	at org.springframework.beans.factory.support.AbstractAutowireCapableBeanFactory.populateBean(AbstractAutowireCapableBeanFactory.java:1420) ~[spring-beans-5.2.8.RELEASE.jar:5.2.8.RELEASE]
	at org.springframework.beans.factory.support.AbstractAutowireCapableBeanFactory.doCreateBean(AbstractAutowireCapableBeanFactory.java:593) ~[spring-beans-5.2.8.RELEASE.jar:5.2.8.RELEASE]
	at org.springframework.beans.factory.support.AbstractAutowireCapableBeanFactory.createBean(AbstractAutowireCapableBeanFactory.java:516) ~[spring-beans-5.2.8.RELEASE.jar:5.2.8.RELEASE]
	at org.springframework.beans.factory.support.AbstractBeanFactory.lambda$doGetBean$0(AbstractBeanFactory.java:324) ~[spring-beans-5.2.8.RELEASE.jar:5.2.8.RELEASE]
	at org.springframework.beans.factory.support.DefaultSingletonBeanRegistry.getSingleton(DefaultSingletonBeanRegistry.java:226) ~[spring-beans-5.2.8.RELEASE.jar:5.2.8.RELEASE]
	at org.springframework.beans.factory.support.AbstractBeanFactory.doGetBean(AbstractBeanFactory.java:322) ~[spring-beans-5.2.8.RELEASE.jar:5.2.8.RELEASE]
	at org.springframework.beans.factory.support.AbstractBeanFactory.getBean(AbstractBeanFactory.java:202) ~[spring-beans-5.2.8.RELEASE.jar:5.2.8.RELEASE]
	at org.springframework.beans.factory.support.DefaultListableBeanFactory.preInstantiateSingletons(DefaultListableBeanFactory.java:897) ~[spring-beans-5.2.8.RELEASE.jar:5.2.8.RELEASE]
	at org.springframework.context.support.AbstractApplicationContext.finishBeanFactoryInitialization(AbstractApplicationContext.java:879) ~[spring-context-5.2.8.RELEASE.jar:5.2.8.RELEASE]
	at org.springframework.context.support.AbstractApplicationContext.refresh(AbstractApplicationContext.java:551) ~[spring-context-5.2.8.RELEASE.jar:5.2.8.RELEASE]
	at org.springframework.boot.SpringApplication.refresh(SpringApplication.java:758) ~[spring-boot-2.3.3.RELEASE.jar:2.3.3.RELEASE]
	at org.springframework.boot.SpringApplication.refresh(SpringApplication.java:750) ~[spring-boot-2.3.3.RELEASE.jar:2.3.3.RELEASE]
	at org.springframework.boot.SpringApplication.refreshContext(SpringApplication.java:397) ~[spring-boot-2.3.3.RELEASE.jar:2.3.3.RELEASE]
	at org.springframework.boot.SpringApplication.run(SpringApplication.java:315) ~[spring-boot-2.3.3.RELEASE.jar:2.3.3.RELEASE]
	at org.springframework.boot.test.context.SpringBootContextLoader.loadContext(SpringBootContextLoader.java:120) ~[spring-boot-test-2.3.3.RELEASE.jar:2.3.3.RELEASE]
	at org.springframework.test.context.cache.DefaultCacheAwareContextLoaderDelegate.loadContextInternal(DefaultCacheAwareContextLoaderDelegate.java:99) ~[spring-test-5.2.8.RELEASE.jar:5.2.8.RELEASE]
	at org.springframework.test.context.cache.DefaultCacheAwareContextLoaderDelegate.loadContext(DefaultCacheAwareContextLoaderDelegate.java:124) ~[spring-test-5.2.8.RELEASE.jar:5.2.8.RELEASE]
	... 65 more
2023-03-09 17:20:26,429 INFO z.t.StartWebApplication [main] Starting StartWebApplication on DESKTOP-E86N4JO with PID 14060 (C:\Users\EFFIGO\Desktop\Azure\example\2_1_spring-mvc-example-war\target\classes started by EFFIGO in C:\Users\EFFIGO\Desktop\Azure\example\2_1_spring-mvc-example-war)
2023-03-09 17:20:26,440 DEBUG z.t.StartWebApplication [main] Running with Spring Boot v2.3.3.RELEASE, Spring v5.2.8.RELEASE
2023-03-09 17:20:26,440 INFO z.t.StartWebApplication [main] No active profile set, falling back to default profiles: default
2023-03-09 17:21:21,373 INFO z.t.StartWebApplication [main] Starting StartWebApplication on DESKTOP-E86N4JO with PID 3204 (C:\Users\EFFIGO\Desktop\Azure\example\2_1_spring-mvc-example-war\target\classes started by EFFIGO in C:\Users\EFFIGO\Desktop\Azure\example\2_1_spring-mvc-example-war)
2023-03-09 17:21:21,382 DEBUG z.t.StartWebApplication [main] Running with Spring Boot v2.3.3.RELEASE, Spring v5.2.8.RELEASE
2023-03-09 17:21:21,383 INFO z.t.StartWebApplication [main] No active profile set, falling back to default profiles: default
2023-03-09 17:21:22,796 INFO z.t.StartWebApplication [main] Started StartWebApplication in 1.713 seconds (JVM running for 2.58)
2023-03-09 17:47:39,890 INFO z.t.StartWebApplication [main] Starting StartWebApplication on DESKTOP-E86N4JO with PID 13184 (C:\Users\EFFIGO\Desktop\Azure\example\2_1_spring-mvc-example-war\target\classes started by EFFIGO in C:\Users\EFFIGO\Desktop\Azure\example\2_1_spring-mvc-example-war)
2023-03-09 17:47:39,904 DEBUG z.t.StartWebApplication [main] Running with Spring Boot v2.3.3.RELEASE, Spring v5.2.8.RELEASE
2023-03-09 17:47:39,906 INFO z.t.StartWebApplication [main] No active profile set, falling back to default profiles: default
2023-03-09 17:47:41,985 INFO z.t.StartWebApplication [main] Started StartWebApplication in 2.591 seconds (JVM running for 4.487)
2023-03-09 17:50:10,556 INFO z.t.StartWebApplication [main] Starting StartWebApplication on DESKTOP-E86N4JO with PID 9792 (C:\Users\EFFIGO\Desktop\Azure\example\2_1_spring-mvc-example-war\target\classes started by EFFIGO in C:\Users\EFFIGO\Desktop\Azure\example\2_1_spring-mvc-example-war)
2023-03-09 17:50:10,566 DEBUG z.t.StartWebApplication [main] Running with Spring Boot v2.3.3.RELEASE, Spring v5.2.8.RELEASE
2023-03-09 17:50:10,567 INFO z.t.StartWebApplication [main] No active profile set, falling back to default profiles: default
2023-03-09 17:50:12,030 INFO z.t.StartWebApplication [main] Started StartWebApplication in 1.767 seconds (JVM running for 2.616)
2023-03-09 17:53:10,664 INFO z.t.StartWebApplication [main] Starting StartWebApplication on DESKTOP-E86N4JO with PID 19420 (C:\Users\EFFIGO\Desktop\Azure\example\2_1_spring-mvc-example-war\target\classes started by EFFIGO in C:\Users\EFFIGO\Desktop\Azure\example\2_1_spring-mvc-example-war)
2023-03-09 17:53:10,674 DEBUG z.t.StartWebApplication [main] Running with Spring Boot v2.3.3.RELEASE, Spring v5.2.8.RELEASE
2023-03-09 17:53:10,675 INFO z.t.StartWebApplication [main] No active profile set, falling back to default profiles: default
2023-03-09 17:56:56,399 INFO z.t.StartWebApplication [main] Starting StartWebApplication on DESKTOP-E86N4JO with PID 8212 (C:\Users\EFFIGO\Desktop\Azure\example\2_1_spring-mvc-example-war\target\classes started by EFFIGO in C:\Users\EFFIGO\Desktop\Azure\example\2_1_spring-mvc-example-war)
2023-03-09 17:56:56,407 DEBUG z.t.StartWebApplication [main] Running with Spring Boot v2.3.3.RELEASE, Spring v5.2.8.RELEASE
2023-03-09 17:56:56,408 INFO z.t.StartWebApplication [main] No active profile set, falling back to default profiles: default
2023-03-09 18:00:00,059 INFO z.t.StartWebApplication [main] Starting StartWebApplication on DESKTOP-E86N4JO with PID 23596 (C:\Users\EFFIGO\Desktop\Azure\example\2_1_spring-mvc-example-war\target\classes started by EFFIGO in C:\Users\EFFIGO\Desktop\Azure\example\2_1_spring-mvc-example-war)
2023-03-09 18:00:00,070 DEBUG z.t.StartWebApplication [main] Running with Spring Boot v2.3.3.RELEASE, Spring v5.2.8.RELEASE
2023-03-09 18:00:00,070 INFO z.t.StartWebApplication [main] No active profile set, falling back to default profiles: default
2023-03-09 18:02:33,826 INFO z.t.StartWebApplication [main] Starting StartWebApplication on DESKTOP-E86N4JO with PID 1632 (C:\Users\EFFIGO\Desktop\Azure\example\2_1_spring-mvc-example-war\target\classes started by EFFIGO in C:\Users\EFFIGO\Desktop\Azure\example\2_1_spring-mvc-example-war)
2023-03-09 18:02:33,835 DEBUG z.t.StartWebApplication [main] Running with Spring Boot v2.3.3.RELEASE, Spring v5.2.8.RELEASE
2023-03-09 18:02:33,836 INFO z.t.StartWebApplication [main] No active profile set, falling back to default profiles: default
2023-03-09 18:10:16,752 INFO z.t.StartWebApplication [main] Starting StartWebApplication on DESKTOP-E86N4JO with PID 18860 (C:\Users\EFFIGO\Desktop\Azure\example\2_1_spring-mvc-example-war\target\classes started by EFFIGO in C:\Users\EFFIGO\Desktop\Azure\example\2_1_spring-mvc-example-war)
2023-03-09 18:10:16,761 DEBUG z.t.StartWebApplication [main] Running with Spring Boot v2.3.3.RELEASE, Spring v5.2.8.RELEASE
2023-03-09 18:10:16,762 INFO z.t.StartWebApplication [main] No active profile set, falling back to default profiles: default
2023-03-09 18:15:10,921 INFO z.t.StartWebApplication [main] Starting StartWebApplication on DESKTOP-E86N4JO with PID 9368 (C:\Users\EFFIGO\Desktop\Azure\example\2_1_spring-mvc-example-war\target\classes started by EFFIGO in C:\Users\EFFIGO\Desktop\Azure\example\2_1_spring-mvc-example-war)
2023-03-09 18:15:10,929 DEBUG z.t.StartWebApplication [main] Running with Spring Boot v2.3.3.RELEASE, Spring v5.2.8.RELEASE
2023-03-09 18:15:10,930 INFO z.t.StartWebApplication [main] No active profile set, falling back to default profiles: default
2023-03-09 18:15:12,302 INFO z.t.StartWebApplication [main] Started StartWebApplication in 1.677 seconds (JVM running for 2.546)
2023-03-09 18:16:28,306 INFO z.t.StartWebApplication [main] Starting StartWebApplication on DESKTOP-E86N4JO with PID 8604 (C:\Users\EFFIGO\Desktop\Azure\example\2_1_spring-mvc-example-war\target\classes started by EFFIGO in C:\Users\EFFIGO\Desktop\Azure\example\2_1_spring-mvc-example-war)
2023-03-09 18:16:28,315 DEBUG z.t.StartWebApplication [main] Running with Spring Boot v2.3.3.RELEASE, Spring v5.2.8.RELEASE
2023-03-09 18:16:28,316 INFO z.t.StartWebApplication [main] No active profile set, falling back to default profiles: default
2023-03-09 18:16:29,769 INFO z.t.StartWebApplication [main] Started StartWebApplication in 1.74 seconds (JVM running for 2.639)
2023-03-09 18:18:16,325 INFO z.t.StartWebApplication [main] Starting StartWebApplication on DESKTOP-E86N4JO with PID 24752 (C:\Users\EFFIGO\Desktop\Azure\example\2_1_spring-mvc-example-war\target\classes started by EFFIGO in C:\Users\EFFIGO\Desktop\Azure\example\2_1_spring-mvc-example-war)
2023-03-09 18:18:16,334 DEBUG z.t.StartWebApplication [main] Running with Spring Boot v2.3.3.RELEASE, Spring v5.2.8.RELEASE
2023-03-09 18:18:16,335 INFO z.t.StartWebApplication [main] No active profile set, falling back to default profiles: default
2023-03-09 18:18:17,853 INFO z.t.StartWebApplication [main] Started StartWebApplication in 1.822 seconds (JVM running for 2.705)
2023-03-09 18:21:24,146 INFO z.t.StartWebApplication [main] Starting StartWebApplication on DESKTOP-E86N4JO with PID 23960 (C:\Users\EFFIGO\Desktop\Azure\example\2_1_spring-mvc-example-war\target\classes started by EFFIGO in C:\Users\EFFIGO\Desktop\Azure\example\2_1_spring-mvc-example-war)
2023-03-09 18:21:24,158 DEBUG z.t.StartWebApplication [main] Running with Spring Boot v2.3.3.RELEASE, Spring v5.2.8.RELEASE
2023-03-09 18:21:24,159 INFO z.t.StartWebApplication [main] No active profile set, falling back to default profiles: default
2023-03-09 18:21:25,577 INFO z.t.StartWebApplication [main] Started StartWebApplication in 1.711 seconds (JVM running for 2.594)
2023-03-09 18:22:23,855 INFO z.t.StartWebApplication [main] Starting StartWebApplication on DESKTOP-E86N4JO with PID 19816 (C:\Users\EFFIGO\Desktop\Azure\example\2_1_spring-mvc-example-war\target\classes started by EFFIGO in C:\Users\EFFIGO\Desktop\Azure\example\2_1_spring-mvc-example-war)
2023-03-09 18:22:23,865 DEBUG z.t.StartWebApplication [main] Running with Spring Boot v2.3.3.RELEASE, Spring v5.2.8.RELEASE
2023-03-09 18:22:23,866 INFO z.t.StartWebApplication [main] No active profile set, falling back to default profiles: default
2023-03-09 18:22:25,241 INFO z.t.StartWebApplication [main] Started StartWebApplication in 1.66 seconds (JVM running for 2.524)
2023-03-09 21:59:51,921 INFO z.t.StartWebApplication [main] Starting StartWebApplication on DESKTOP-E86N4JO with PID 4820 (C:\Users\EFFIGO\Desktop\Azure\example\2_1_spring-mvc-example-war\target\classes started by EFFIGO in C:\Users\EFFIGO\Desktop\Azure\example\2_1_spring-mvc-example-war)
2023-03-09 21:59:51,927 DEBUG z.t.StartWebApplication [main] Running with Spring Boot v2.3.3.RELEASE, Spring v5.2.8.RELEASE
2023-03-09 21:59:51,928 INFO z.t.StartWebApplication [main] No active profile set, falling back to default profiles: default
2023-03-09 22:04:46,102 INFO z.t.StartWebApplication [main] Starting StartWebApplication on DESKTOP-E86N4JO with PID 7484 (C:\Users\EFFIGO\Desktop\Azure\example\2_1_spring-mvc-example-war\target\classes started by EFFIGO in C:\Users\EFFIGO\Desktop\Azure\example\2_1_spring-mvc-example-war)
2023-03-09 22:04:46,112 DEBUG z.t.StartWebApplication [main] Running with Spring Boot v2.3.3.RELEASE, Spring v5.2.8.RELEASE
2023-03-09 22:04:46,115 INFO z.t.StartWebApplication [main] No active profile set, falling back to default profiles: default
2023-03-09 22:04:47,639 INFO z.t.StartWebApplication [main] Started StartWebApplication in 1.883 seconds (JVM running for 2.814)
2023-03-10 10:33:05,402 INFO z.t.StartWebApplication [main] Starting StartWebApplication on DESKTOP-E86N4JO with PID 12088 (C:\Users\EFFIGO\Desktop\Azure\example\2_1_spring-mvc-example-war\target\classes started by EFFIGO in C:\Users\EFFIGO\Desktop\Azure\example\2_1_spring-mvc-example-war)
2023-03-10 10:33:05,410 DEBUG z.t.StartWebApplication [main] Running with Spring Boot v2.3.3.RELEASE, Spring v5.2.8.RELEASE
2023-03-10 10:33:05,411 INFO z.t.StartWebApplication [main] No active profile set, falling back to default profiles: default
2023-03-10 10:33:06,767 INFO z.t.StartWebApplication [main] Started StartWebApplication in 1.654 seconds (JVM running for 2.589)
2023-03-10 10:33:28,164 INFO z.t.StartWebApplication [main] Starting StartWebApplication on DESKTOP-E86N4JO with PID 26288 (C:\Users\EFFIGO\Desktop\Azure\example\2_1_spring-mvc-example-war\target\classes started by EFFIGO in C:\Users\EFFIGO\Desktop\Azure\example\2_1_spring-mvc-example-war)
2023-03-10 10:33:28,172 DEBUG z.t.StartWebApplication [main] Running with Spring Boot v2.3.3.RELEASE, Spring v5.2.8.RELEASE
2023-03-10 10:33:28,173 INFO z.t.StartWebApplication [main] No active profile set, falling back to default profiles: default
2023-03-10 10:33:29,622 INFO z.t.StartWebApplication [main] Started StartWebApplication in 1.738 seconds (JVM running for 2.62)
2023-03-10 10:34:08,369 INFO z.t.StartWebApplication [main] Starting StartWebApplication on DESKTOP-E86N4JO with PID 984 (C:\Users\EFFIGO\Desktop\Azure\example\2_1_spring-mvc-example-war\target\classes started by EFFIGO in C:\Users\EFFIGO\Desktop\Azure\example\2_1_spring-mvc-example-war)
2023-03-10 10:34:08,380 DEBUG z.t.StartWebApplication [main] Running with Spring Boot v2.3.3.RELEASE, Spring v5.2.8.RELEASE
2023-03-10 10:34:08,381 INFO z.t.StartWebApplication [main] No active profile set, falling back to default profiles: default
2023-03-10 10:34:09,762 INFO z.t.StartWebApplication [main] Started StartWebApplication in 1.67 seconds (JVM running for 2.545)
2023-03-10 10:34:25,362 INFO z.t.StartWebApplication [main] Starting StartWebApplication on DESKTOP-E86N4JO with PID 7672 (C:\Users\EFFIGO\Desktop\Azure\example\2_1_spring-mvc-example-war\target\classes started by EFFIGO in C:\Users\EFFIGO\Desktop\Azure\example\2_1_spring-mvc-example-war)
2023-03-10 10:34:25,370 DEBUG z.t.StartWebApplication [main] Running with Spring Boot v2.3.3.RELEASE, Spring v5.2.8.RELEASE
2023-03-10 10:34:25,371 INFO z.t.StartWebApplication [main] No active profile set, falling back to default profiles: default
2023-03-10 10:34:26,834 INFO z.t.StartWebApplication [main] Started StartWebApplication in 1.737 seconds (JVM running for 2.623)
2023-03-10 10:41:39,411 INFO z.t.StartWebApplication [main] Starting StartWebApplication on DESKTOP-E86N4JO with PID 22024 (C:\Users\EFFIGO\Desktop\Azure\example\2_1_spring-mvc-example-war\target\classes started by EFFIGO in C:\Users\EFFIGO\Desktop\Azure\example\2_1_spring-mvc-example-war)
2023-03-10 10:41:39,419 DEBUG z.t.StartWebApplication [main] Running with Spring Boot v2.3.3.RELEASE, Spring v5.2.8.RELEASE
2023-03-10 10:41:39,420 INFO z.t.StartWebApplication [main] No active profile set, falling back to default profiles: default
2023-03-10 10:41:40,827 INFO z.t.StartWebApplication [main] Started StartWebApplication in 1.693 seconds (JVM running for 2.561)
